{"/Users/elenak/frontend-project-46/src/index.js": {"path":"/Users/elenak/frontend-project-46/src/index.js","statementMap":{"0":{"start":{"line":5,"column":16},"end":{"line":5,"column":67}},"1":{"start":{"line":5,"column":30},"end":{"line":5,"column":67}},"2":{"start":{"line":7,"column":17},"end":{"line":7,"column":53}},"3":{"start":{"line":7,"column":31},"end":{"line":7,"column":53}},"4":{"start":{"line":9,"column":16},"end":{"line":29,"column":1}},"5":{"start":{"line":10,"column":15},"end":{"line":10,"column":62}},"6":{"start":{"line":12,"column":15},"end":{"line":26,"column":4}},"7":{"start":{"line":13,"column":4},"end":{"line":15,"column":5}},"8":{"start":{"line":14,"column":6},"end":{"line":14,"column":41}},"9":{"start":{"line":16,"column":4},"end":{"line":18,"column":5}},"10":{"start":{"line":17,"column":6},"end":{"line":17,"column":41}},"11":{"start":{"line":19,"column":4},"end":{"line":21,"column":5}},"12":{"start":{"line":20,"column":6},"end":{"line":20,"column":41}},"13":{"start":{"line":22,"column":4},"end":{"line":24,"column":5}},"14":{"start":{"line":23,"column":6},"end":{"line":23,"column":68}},"15":{"start":{"line":25,"column":4},"end":{"line":25,"column":16}},"16":{"start":{"line":28,"column":2},"end":{"line":28,"column":40}},"17":{"start":{"line":31,"column":15},"end":{"line":41,"column":1}},"18":{"start":{"line":32,"column":16},"end":{"line":32,"column":34}},"19":{"start":{"line":33,"column":16},"end":{"line":33,"column":43}},"20":{"start":{"line":35,"column":16},"end":{"line":35,"column":34}},"21":{"start":{"line":36,"column":16},"end":{"line":36,"column":43}},"22":{"start":{"line":38,"column":15},"end":{"line":38,"column":36}},"23":{"start":{"line":40,"column":2},"end":{"line":40,"column":14}}},"fnMap":{"0":{"name":"(anonymous_0)","decl":{"start":{"line":5,"column":16},"end":{"line":5,"column":17}},"loc":{"start":{"line":5,"column":30},"end":{"line":5,"column":67}},"line":5},"1":{"name":"(anonymous_1)","decl":{"start":{"line":7,"column":17},"end":{"line":7,"column":18}},"loc":{"start":{"line":7,"column":31},"end":{"line":7,"column":53}},"line":7},"2":{"name":"(anonymous_2)","decl":{"start":{"line":9,"column":16},"end":{"line":9,"column":17}},"loc":{"start":{"line":9,"column":34},"end":{"line":29,"column":1}},"line":9},"3":{"name":"(anonymous_3)","decl":{"start":{"line":12,"column":28},"end":{"line":12,"column":29}},"loc":{"start":{"line":12,"column":37},"end":{"line":26,"column":3}},"line":12},"4":{"name":"(anonymous_4)","decl":{"start":{"line":31,"column":15},"end":{"line":31,"column":16}},"loc":{"start":{"line":31,"column":41},"end":{"line":41,"column":1}},"line":31}},"branchMap":{"0":{"loc":{"start":{"line":13,"column":4},"end":{"line":15,"column":5}},"type":"if","locations":[{"start":{"line":13,"column":4},"end":{"line":15,"column":5}},{"start":{},"end":{}}],"line":13},"1":{"loc":{"start":{"line":16,"column":4},"end":{"line":18,"column":5}},"type":"if","locations":[{"start":{"line":16,"column":4},"end":{"line":18,"column":5}},{"start":{},"end":{}}],"line":16},"2":{"loc":{"start":{"line":19,"column":4},"end":{"line":21,"column":5}},"type":"if","locations":[{"start":{"line":19,"column":4},"end":{"line":21,"column":5}},{"start":{},"end":{}}],"line":19},"3":{"loc":{"start":{"line":22,"column":4},"end":{"line":24,"column":5}},"type":"if","locations":[{"start":{"line":22,"column":4},"end":{"line":24,"column":5}},{"start":{},"end":{}}],"line":22},"4":{"loc":{"start":{"line":22,"column":8},"end":{"line":22,"column":75}},"type":"binary-expr","locations":[{"start":{"line":22,"column":8},"end":{"line":22,"column":25}},{"start":{"line":22,"column":29},"end":{"line":22,"column":46}},{"start":{"line":22,"column":50},"end":{"line":22,"column":75}}],"line":22}},"s":{"0":1,"1":2,"2":1,"3":2,"4":1,"5":1,"6":1,"7":5,"8":1,"9":4,"10":2,"11":2,"12":1,"13":1,"14":1,"15":0,"16":1,"17":1,"18":1,"19":1,"20":1,"21":1,"22":1,"23":1},"f":{"0":2,"1":2,"2":1,"3":5,"4":1},"b":{"0":[1,4],"1":[2,2],"2":[1,1],"3":[1,0],"4":[1,1,1]},"_coverageSchema":"1a1c01bbd47fc00a2c39e90264f33305004495a9","hash":"ec6d4b998da0564467bb40bd89e76c9191b728eb"}
}
