TN:
SF:src/index.js
FN:5,(anonymous_0)
FN:7,(anonymous_1)
FN:9,(anonymous_2)
FN:12,(anonymous_3)
FN:31,(anonymous_4)
FNF:5
FNH:5
FNDA:2,(anonymous_0)
FNDA:2,(anonymous_1)
FNDA:1,(anonymous_2)
FNDA:5,(anonymous_3)
FNDA:1,(anonymous_4)
DA:5,2
DA:7,2
DA:9,1
DA:10,1
DA:12,1
DA:13,5
DA:14,1
DA:16,4
DA:17,2
DA:19,2
DA:20,1
DA:22,1
DA:23,1
DA:25,0
DA:28,1
DA:31,1
DA:32,1
DA:33,1
DA:35,1
DA:36,1
DA:38,1
DA:40,1
LF:22
LH:21
BRDA:13,0,0,1
BRDA:13,0,1,4
BRDA:16,1,0,2
BRDA:16,1,1,2
BRDA:19,2,0,1
BRDA:19,2,1,1
BRDA:22,3,0,1
BRDA:22,3,1,0
BRDA:22,4,0,1
BRDA:22,4,1,1
BRDA:22,4,2,1
BRF:11
BRH:10
end_of_record
